-------------------------------------------------------------------------------
Test set: com.mkyong.BookServiceTest
-------------------------------------------------------------------------------
Tests run: 3, Failures: 0, Errors: 3, Skipped: 0, Time elapsed: 8.029 s <<< FAILURE! - in com.mkyong.BookServiceTest
testFindByAuthor(com.mkyong.BookServiceTest)  Time elapsed: 0.005 s  <<< ERROR!
java.lang.IllegalStateException: Failed to load ApplicationContext
Caused by: org.springframework.beans.factory.UnsatisfiedDependencyException: Error creating bean with name 'application': Unsatisfied dependency expressed through field 'bookService'; nested exception is org.springframework.beans.factory.UnsatisfiedDependencyException: Error creating bean with name 'bookServiceImpl': Unsatisfied dependency expressed through method 'setBookRepository' parameter 0; nested exception is org.springframework.beans.factory.BeanCreationException: Error creating bean with name 'bookRepository': Invocation of init method failed; nested exception is org.springframework.beans.BeanInstantiationException: Failed to instantiate [org.springframework.data.elasticsearch.repository.support.SimpleElasticsearchRepository]: Constructor threw exception; nested exception is java.lang.NoSuchMethodError: org.elasticsearch.action.admin.indices.create.CreateIndexRequestBuilder.execute()Lorg/elasticsearch/action/ListenableActionFuture;
Caused by: org.springframework.beans.factory.UnsatisfiedDependencyException: Error creating bean with name 'bookServiceImpl': Unsatisfied dependency expressed through method 'setBookRepository' parameter 0; nested exception is org.springframework.beans.factory.BeanCreationException: Error creating bean with name 'bookRepository': Invocation of init method failed; nested exception is org.springframework.beans.BeanInstantiationException: Failed to instantiate [org.springframework.data.elasticsearch.repository.support.SimpleElasticsearchRepository]: Constructor threw exception; nested exception is java.lang.NoSuchMethodError: org.elasticsearch.action.admin.indices.create.CreateIndexRequestBuilder.execute()Lorg/elasticsearch/action/ListenableActionFuture;
Caused by: org.springframework.beans.factory.BeanCreationException: Error creating bean with name 'bookRepository': Invocation of init method failed; nested exception is org.springframework.beans.BeanInstantiationException: Failed to instantiate [org.springframework.data.elasticsearch.repository.support.SimpleElasticsearchRepository]: Constructor threw exception; nested exception is java.lang.NoSuchMethodError: org.elasticsearch.action.admin.indices.create.CreateIndexRequestBuilder.execute()Lorg/elasticsearch/action/ListenableActionFuture;
Caused by: org.springframework.beans.BeanInstantiationException: Failed to instantiate [org.springframework.data.elasticsearch.repository.support.SimpleElasticsearchRepository]: Constructor threw exception; nested exception is java.lang.NoSuchMethodError: org.elasticsearch.action.admin.indices.create.CreateIndexRequestBuilder.execute()Lorg/elasticsearch/action/ListenableActionFuture;
Caused by: java.lang.NoSuchMethodError: org.elasticsearch.action.admin.indices.create.CreateIndexRequestBuilder.execute()Lorg/elasticsearch/action/ListenableActionFuture;

testSave(com.mkyong.BookServiceTest)  Time elapsed: 0 s  <<< ERROR!
java.lang.IllegalStateException: Failed to load ApplicationContext
Caused by: org.springframework.beans.factory.UnsatisfiedDependencyException: Error creating bean with name 'application': Unsatisfied dependency expressed through field 'bookService'; nested exception is org.springframework.beans.factory.UnsatisfiedDependencyException: Error creating bean with name 'bookServiceImpl': Unsatisfied dependency expressed through method 'setBookRepository' parameter 0; nested exception is org.springframework.beans.factory.BeanCreationException: Error creating bean with name 'bookRepository': Invocation of init method failed; nested exception is org.springframework.beans.BeanInstantiationException: Failed to instantiate [org.springframework.data.elasticsearch.repository.support.SimpleElasticsearchRepository]: Constructor threw exception; nested exception is java.lang.NoSuchMethodError: org.elasticsearch.action.admin.indices.create.CreateIndexRequestBuilder.execute()Lorg/elasticsearch/action/ListenableActionFuture;
Caused by: org.springframework.beans.factory.UnsatisfiedDependencyException: Error creating bean with name 'bookServiceImpl': Unsatisfied dependency expressed through method 'setBookRepository' parameter 0; nested exception is org.springframework.beans.factory.BeanCreationException: Error creating bean with name 'bookRepository': Invocation of init method failed; nested exception is org.springframework.beans.BeanInstantiationException: Failed to instantiate [org.springframework.data.elasticsearch.repository.support.SimpleElasticsearchRepository]: Constructor threw exception; nested exception is java.lang.NoSuchMethodError: org.elasticsearch.action.admin.indices.create.CreateIndexRequestBuilder.execute()Lorg/elasticsearch/action/ListenableActionFuture;
Caused by: org.springframework.beans.factory.BeanCreationException: Error creating bean with name 'bookRepository': Invocation of init method failed; nested exception is org.springframework.beans.BeanInstantiationException: Failed to instantiate [org.springframework.data.elasticsearch.repository.support.SimpleElasticsearchRepository]: Constructor threw exception; nested exception is java.lang.NoSuchMethodError: org.elasticsearch.action.admin.indices.create.CreateIndexRequestBuilder.execute()Lorg/elasticsearch/action/ListenableActionFuture;
Caused by: org.springframework.beans.BeanInstantiationException: Failed to instantiate [org.springframework.data.elasticsearch.repository.support.SimpleElasticsearchRepository]: Constructor threw exception; nested exception is java.lang.NoSuchMethodError: org.elasticsearch.action.admin.indices.create.CreateIndexRequestBuilder.execute()Lorg/elasticsearch/action/ListenableActionFuture;
Caused by: java.lang.NoSuchMethodError: org.elasticsearch.action.admin.indices.create.CreateIndexRequestBuilder.execute()Lorg/elasticsearch/action/ListenableActionFuture;

testFindByTitle(com.mkyong.BookServiceTest)  Time elapsed: 0.001 s  <<< ERROR!
java.lang.IllegalStateException: Failed to load ApplicationContext
Caused by: org.springframework.beans.factory.UnsatisfiedDependencyException: Error creating bean with name 'application': Unsatisfied dependency expressed through field 'bookService'; nested exception is org.springframework.beans.factory.UnsatisfiedDependencyException: Error creating bean with name 'bookServiceImpl': Unsatisfied dependency expressed through method 'setBookRepository' parameter 0; nested exception is org.springframework.beans.factory.BeanCreationException: Error creating bean with name 'bookRepository': Invocation of init method failed; nested exception is org.springframework.beans.BeanInstantiationException: Failed to instantiate [org.springframework.data.elasticsearch.repository.support.SimpleElasticsearchRepository]: Constructor threw exception; nested exception is java.lang.NoSuchMethodError: org.elasticsearch.action.admin.indices.create.CreateIndexRequestBuilder.execute()Lorg/elasticsearch/action/ListenableActionFuture;
Caused by: org.springframework.beans.factory.UnsatisfiedDependencyException: Error creating bean with name 'bookServiceImpl': Unsatisfied dependency expressed through method 'setBookRepository' parameter 0; nested exception is org.springframework.beans.factory.BeanCreationException: Error creating bean with name 'bookRepository': Invocation of init method failed; nested exception is org.springframework.beans.BeanInstantiationException: Failed to instantiate [org.springframework.data.elasticsearch.repository.support.SimpleElasticsearchRepository]: Constructor threw exception; nested exception is java.lang.NoSuchMethodError: org.elasticsearch.action.admin.indices.create.CreateIndexRequestBuilder.execute()Lorg/elasticsearch/action/ListenableActionFuture;
Caused by: org.springframework.beans.factory.BeanCreationException: Error creating bean with name 'bookRepository': Invocation of init method failed; nested exception is org.springframework.beans.BeanInstantiationException: Failed to instantiate [org.springframework.data.elasticsearch.repository.support.SimpleElasticsearchRepository]: Constructor threw exception; nested exception is java.lang.NoSuchMethodError: org.elasticsearch.action.admin.indices.create.CreateIndexRequestBuilder.execute()Lorg/elasticsearch/action/ListenableActionFuture;
Caused by: org.springframework.beans.BeanInstantiationException: Failed to instantiate [org.springframework.data.elasticsearch.repository.support.SimpleElasticsearchRepository]: Constructor threw exception; nested exception is java.lang.NoSuchMethodError: org.elasticsearch.action.admin.indices.create.CreateIndexRequestBuilder.execute()Lorg/elasticsearch/action/ListenableActionFuture;
Caused by: java.lang.NoSuchMethodError: org.elasticsearch.action.admin.indices.create.CreateIndexRequestBuilder.execute()Lorg/elasticsearch/action/ListenableActionFuture;

